<?xml version="1.0" encoding="utf-8"?><testsuites name="pytest tests"><testsuite name="pytest" errors="0" failures="0" skipped="0" tests="80" time="1.341" timestamp="2025-09-23T00:01:46.478398+02:00" hostname="11MACH79T34F14F.local"><testcase classname="tests.application.interfaces.test_cli" name="test_load_tools_file_dict" time="0.001" /><testcase classname="tests.application.interfaces.test_cli" name="test_load_tools_file_list" time="0.001" /><testcase classname="tests.application.interfaces.test_cli" name="test_load_tools_file_missing" time="0.000" /><testcase classname="tests.application.interfaces.test_cli" name="test_load_tools_file_empty" time="0.000" /><testcase classname="tests.application.interfaces.test_cli" name="test_load_tools_file_invalid_json" time="0.001" /><testcase classname="tests.application.interfaces.test_cli" name="test_load_tools_file_wrong_type" time="0.000" /><testcase classname="tests.application.interfaces.test_cli" name="test_parse_llm_params_none" time="0.000" /><testcase classname="tests.application.interfaces.test_cli" name="test_parse_llm_params_valid" time="0.000" /><testcase classname="tests.application.interfaces.test_cli" name="test_parse_llm_params_invalid_json" time="0.000" /><testcase classname="tests.application.interfaces.test_cli" name="test_parse_llm_params_not_object" time="0.000" /><testcase classname="tests.application.interfaces.test_cli" name="test_import_by_dotted_path_colon" time="0.000" /><testcase classname="tests.application.interfaces.test_cli" name="test_import_by_dotted_path_dot" time="0.000" /><testcase classname="tests.application.interfaces.test_cli" name="test_build_client" time="0.001" /><testcase classname="tests.application.interfaces.test_cli" name="test_cmd_chat_piped_stdin" time="0.001" /><testcase classname="tests.application.interfaces.test_cli" name="test_cmd_chat_interactive_loop_one_turn" time="0.001" /><testcase classname="tests.application.interfaces.test_cli" name="test_cmd_parse_with_basemodel_output" time="0.001" /><testcase classname="tests.application.interfaces.test_cli" name="test_cmd_parse_with_fallback_object" time="0.001" /><testcase classname="tests.application.interfaces.test_cli" name="test_build_parser_wiring_chat_defaults" time="0.001" /><testcase classname="tests.application.interfaces.test_cli" name="test_build_parser_wiring_parse_requires_output_format" time="0.002" /><testcase classname="tests.application.services.test_chat_service" name="test_history_management_set_system_add_turn_reset" time="0.000" /><testcase classname="tests.application.services.test_chat_service" name="test_resolve_tools_none_disables_all" time="0.000" /><testcase classname="tests.application.services.test_chat_service" name="test_resolve_tools_all_returns_all" time="0.000" /><testcase classname="tests.application.services.test_chat_service" name="test_resolve_tools_some_by_server_label" time="0.000" /><testcase classname="tests.application.services.test_chat_service" name="test_resolve_tools_some_by_allowed_function" time="0.000" /><testcase classname="tests.application.services.test_chat_service" name="test_resolve_tools_some_names_empty_returns_none" time="0.000" /><testcase classname="tests.application.services.test_chat_service" name="test_send_updates_history_and_returns_text" time="0.000" /><testcase classname="tests.application.services.test_chat_service" name="test_send_no_text_does_not_append_assistant" time="0.000" /><testcase classname="tests.application.services.test_chat_service" name="test_parse_returns_structured_model_from_output_parsed" time="0.000" /><testcase classname="tests.application.services.test_chat_service" name="test_parse_returns_structured_model_from_parsed_field" time="0.000" /><testcase classname="tests.application.services.test_chat_service" name="test_parse_returns_provider_object_when_no_structured_fields" time="0.000" /><testcase classname="tests.domain.tools.test_base_tool" name="test_init_creates_fastmcp_app" time="0.000" /><testcase classname="tests.domain.tools.test_base_tool" name="test_to_dict_with_pydantic_model" time="0.000" /><testcase classname="tests.domain.tools.test_base_tool" name="test_to_dict_with_json_string" time="0.000" /><testcase classname="tests.domain.tools.test_base_tool" name="test_to_dict_with_dict_passthrough" time="0.000" /><testcase classname="tests.domain.tools.test_base_tool" name="test_to_dict_with_has_model_dump" time="0.000" /><testcase classname="tests.domain.tools.test_base_tool" name="test_to_dict_with_invalid_json_raises" time="0.000" /><testcase classname="tests.domain.tools.test_base_tool" name="test_to_dict_with_unsupported_type_raises" time="0.000" /><testcase classname="tests.domain.tools.test_base_tool" name="test_register_tools_not_implemented" time="0.000" /><testcase classname="tests.domain.tools.test_base_tool" name="test_run_calls_register_and_mcp_run_with_defaults" time="0.000" /><testcase classname="tests.domain.tools.test_base_tool" name="test_run_calls_register_and_mcp_run_with_custom_args" time="0.000" /><testcase classname="tests.domain.tools.test_s3" name="test_init_uses_fastmcp_and_default_uow" time="0.000" /><testcase classname="tests.domain.tools.test_s3" name="test_init_can_inject_custom_uow" time="0.000" /><testcase classname="tests.domain.tools.test_s3" name="test_list_impl_returns_dict_passthrough" time="0.000" /><testcase classname="tests.domain.tools.test_s3" name="test_list_impl_handles_model_dump_object" time="0.000" /><testcase classname="tests.domain.tools.test_s3" name="test_list_impl_handles_client_error" time="0.000" /><testcase classname="tests.domain.tools.test_s3" name="test_list_impl_handles_no_credentials" time="0.000" /><testcase classname="tests.domain.tools.test_s3" name="test_list_impl_handles_generic_exception" time="0.000" /><testcase classname="tests.domain.tools.test_s3" name="test_register_tools_binds_list_s3_buckets" time="0.000" /><testcase classname="tests.domain.tools.test_s3" name="test_register_tools_return_shape_docstring_example" time="0.000" /><testcase classname="tests.infrastructure.aws.test_s3_uow" name="test_init_success_uses_boto3_client" time="0.000" /><testcase classname="tests.infrastructure.aws.test_s3_uow" name="test_init_raises_runtimeerror_on_boto3_failure" time="0.000" /><testcase classname="tests.infrastructure.aws.test_s3_uow" name="test_list_buckets_returns_pydantic_response" time="0.000" /><testcase classname="tests.infrastructure.aws.test_s3_uow" name="test_list_buckets_filters_by_prefix" time="0.000" /><testcase classname="tests.infrastructure.aws.test_s3_uow" name="test_list_buckets_filters_by_region" time="0.000" /><testcase classname="tests.infrastructure.aws.test_s3_uow" name="test_list_buckets_respects_max_buckets_limit" time="0.000" /><testcase classname="tests.infrastructure.aws.test_s3_uow" name="test_region_normalization_special_cases" time="0.000" /><testcase classname="tests.infrastructure.aws.test_s3_uow" name="test_get_bucket_location_error_falls_back_to_us_east_1" time="0.000" /><testcase classname="tests.infrastructure.aws.test_s3_uow" name="test_list_buckets_raises_runtimeerror_on_client_failure" time="0.000" /><testcase classname="tests.infrastructure.llm.test_azure_openai_uow" name="test_init_forwards_kwargs_to_sdk_constructor" time="0.000" /><testcase classname="tests.infrastructure.llm.test_azure_openai_uow" name="test_create_response_uses_env_model_when_none" time="0.000" /><testcase classname="tests.infrastructure.llm.test_azure_openai_uow" name="test_create_response_minimal_happy_path" time="0.000" /><testcase classname="tests.infrastructure.llm.test_azure_openai_uow" name="test_parse_response_builds_minimal_messages_when_missing" time="0.000" /><testcase classname="tests.infrastructure.llm.test_azure_openai_uow" name="test_parse_response_uses_provided_messages_and_ignores_input_instructions" time="0.000" /><testcase classname="tests.infrastructure.llm.test_azure_openai_uow" name="test_parse_response_raises_when_no_messages_and_no_input" time="0.000" /><testcase classname="tests.infrastructure.llm.test_azure_openai_uow" name="test_parse_response_defaults_are_applied" time="0.000" /><testcase classname="tests.infrastructure.llm.test_base_llm" name="test_abstract_base_cannot_be_instantiated_directly" time="0.000" /><testcase classname="tests.infrastructure.llm.test_base_llm" name="test_init_calls_build_client_and_stores_client" time="0.000" /><testcase classname="tests.infrastructure.llm.test_base_llm" name="test_create_response_minimal_args" time="0.000" /><testcase classname="tests.infrastructure.llm.test_base_llm" name="test_create_response_with_instructions_and_kwargs" time="0.000" /><testcase classname="tests.infrastructure.llm.test_base_llm" name="test_parse_response_minimal_args" time="0.000" /><testcase classname="tests.infrastructure.llm.test_base_llm" name="test_parse_response_with_instructions_and_kwargs" time="0.000" /><testcase classname="tests.infrastructure.llm.test_base_llm" name="test_multiple_instances_have_independent_clients" time="0.000" /><testcase classname="tests.infrastructure.mcp.test_client" name="test_create_response_tool_precedence[explicit0-kw0-registry0-exp-0]" time="0.000" /><testcase classname="tests.infrastructure.mcp.test_client" name="test_create_response_tool_precedence[None-kw1-registry1-kw-0]" time="0.000" /><testcase classname="tests.infrastructure.mcp.test_client" name="test_create_response_tool_precedence[None-None-registry2-reg-0]" time="0.000" /><testcase classname="tests.infrastructure.mcp.test_client" name="test_create_response_tool_precedence[None-None-registry3-r-0]" time="0.000" /><testcase classname="tests.infrastructure.mcp.test_client" name="test_create_response_uses_client_defaults_for_model_and_instructions_when_none" time="0.000" /><testcase classname="tests.infrastructure.mcp.test_client" name="test_parse_response_tool_precedence[explicit0-kw0-registry0-exp-0]" time="0.000" /><testcase classname="tests.infrastructure.mcp.test_client" name="test_parse_response_tool_precedence[None-kw1-registry1-kw-0]" time="0.000" /><testcase classname="tests.infrastructure.mcp.test_client" name="test_parse_response_tool_precedence[None-None-registry2-reg-0]" time="0.000" /></testsuite></testsuites>